<?xml version="1.0" encoding="UTF-8"?>
<!-- Generated by org.testng.reporters.JUnitReportReporter -->
<testsuite hostname="LAPTOP-RK4DV1OT" failures="0" tests="5" name="MavenProject.FrameWork.MyntraLogin" time="161.542" errors="0" timestamp="2021-08-30T23:45:22 IST" skipped="0">
  <testcase classname="MavenProject.FrameWork.MyntraLogin" name="NavigateLogin" time="28.519"/>
  <system-out/>
  <testcase classname="MavenProject.FrameWork.MyntraLogin" name="SelectandSort" time="49.639"/>
  <system-out/>
  <testcase classname="MavenProject.FrameWork.MyntraLogin" name="FilterandSelectProduct" time="52.287"/>
  <system-out/>
  <testcase classname="MavenProject.FrameWork.MyntraLogin" name="Size_AddCart" time="2.581"/>
  <system-out/>
  <testcase classname="MavenProject.FrameWork.MyntraLogin" name="MoveToWishlist" time="28.516"/>
  <system-out/>
</testsuite> <!-- MavenProject.FrameWork.MyntraLogin -->
